0 info it worked if it ends with ok
1 verbose cli [ 'C:\\Program Files\\nodejs\\node.exe',
1 verbose cli   'C:\\Users\\Bovojon\\AppData\\Roaming\\npm\\node_modules\\npm\\bin\\npm-cli.js',
1 verbose cli   'start' ]
2 info using npm@3.10.5
3 info using node@v6.3.0
4 verbose run-script [ 'prestart', 'start', 'poststart' ]
5 info lifecycle Meganote@0.5.0~prestart: Meganote@0.5.0
6 verbose lifecycle Meganote@0.5.0~prestart: unsafe-perm in lifecycle true
7 verbose lifecycle Meganote@0.5.0~prestart: PATH: C:\Users\Bovojon\AppData\Roaming\npm\node_modules\npm\bin\node-gyp-bin;C:\Users\Bovojon\Desktop\projects\xtern\Meganote\meganote\node_modules\.bin;C:\Program Files\nodejs;C:\Users\Bovojon\.babun\cygwin\home\Bovojon\.local\bin;C:\Users\Bovojon\.babun\cygwin\usr\local\bin;C:\Users\Bovojon\.babun\cygwin\usr\local\bin;C:\Users\Bovojon\.babun\cygwin\bin;C:\Users\Bovojon\.babun\cygwin\home\Bovojon\.local\bin;C:\Program Files (x86)\Intel\iCLS Client;C:\Program Files\Intel\iCLS Client;C:\Program Files (x86)\NVIDIA Corporation\PhysX\Common;C:\Windows\system32;C:\Windows;C:\Windows\System32\Wbem;C:\Windows\System32\WindowsPowerShell\v1.0;C:\Program Files (x86)\Windows Live\Shared;C:\Program Files (x86)\Intel\OpenCL SDK\2.0\bin\x86;C:\Program Files (x86)\Intel\OpenCL SDK\2.0\bin\x64;C:\Program Files\Intel\Intel(R) Management Engine Components\DAL;C:\Program Files\Intel\Intel(R) Management Engine Components\IPT;C:\Program Files (x86)\Intel\Intel(R) Management Engine Components\DAL;C:\Program Files (x86)\Intel\Intel(R) Management Engine Components\IPT;C:\Program Files (x86)\Skype\Phone;C:\Program Files\Microsoft\Web Platform Installer;C:\Program Files (x86)\Windows Kits\8.1\Windows Performance Toolkit;C:\Program Files\Microsoft SQL Server\110\Tools\Binn;C:\Program Files (x86)\Microsoft SDKs\TypeScript\1.0;C:\Program Files\Microsoft SQL Server\120\Tools\Binn;C:\Users\Bovojon\.dnx\bin;C:\Program Files\Microsoft DNX\Dnvm;C:\Users\Bovojon\AppData\Roaming\nvm;C:\Program Files\nodejs;C:\Program Files\Git\cmd;C:\Program Files\nodejs;C:\Users\Bovojon\Anaconda;C:\Users\Bovojon\Anaconda\Scripts;C:\Users\Bovojon\AppData\Roaming\nvm;C:\Program Files\nodejs;C:\Users\Bovojon\.babun;C:\Program Files\Sublime Text 2;C:\Users\Bovojon\AppData\Local\atom\bin;C:\Users\Bovojon\AppData\Roaming\Dashlane\4.5.0.13208\bin\Firefox_Extension\{442718d9-475e-452a-b3e1-fb1ee16b8e9f}\components;C:\Users\Bovojon\AppData\Roaming\npm
8 verbose lifecycle Meganote@0.5.0~prestart: CWD: C:\Users\Bovojon\Desktop\projects\xtern\Meganote\meganote
9 silly lifecycle Meganote@0.5.0~prestart: Args: [ '/d /s /c', 'npm install' ]
10 silly lifecycle Meganote@0.5.0~prestart: Returned: code: 0  signal: null
11 info lifecycle Meganote@0.5.0~start: Meganote@0.5.0
12 verbose lifecycle Meganote@0.5.0~start: unsafe-perm in lifecycle true
13 verbose lifecycle Meganote@0.5.0~start: PATH: C:\Users\Bovojon\AppData\Roaming\npm\node_modules\npm\bin\node-gyp-bin;C:\Users\Bovojon\Desktop\projects\xtern\Meganote\meganote\node_modules\.bin;C:\Program Files\nodejs;C:\Users\Bovojon\.babun\cygwin\home\Bovojon\.local\bin;C:\Users\Bovojon\.babun\cygwin\usr\local\bin;C:\Users\Bovojon\.babun\cygwin\usr\local\bin;C:\Users\Bovojon\.babun\cygwin\bin;C:\Users\Bovojon\.babun\cygwin\home\Bovojon\.local\bin;C:\Program Files (x86)\Intel\iCLS Client;C:\Program Files\Intel\iCLS Client;C:\Program Files (x86)\NVIDIA Corporation\PhysX\Common;C:\Windows\system32;C:\Windows;C:\Windows\System32\Wbem;C:\Windows\System32\WindowsPowerShell\v1.0;C:\Program Files (x86)\Windows Live\Shared;C:\Program Files (x86)\Intel\OpenCL SDK\2.0\bin\x86;C:\Program Files (x86)\Intel\OpenCL SDK\2.0\bin\x64;C:\Program Files\Intel\Intel(R) Management Engine Components\DAL;C:\Program Files\Intel\Intel(R) Management Engine Components\IPT;C:\Program Files (x86)\Intel\Intel(R) Management Engine Components\DAL;C:\Program Files (x86)\Intel\Intel(R) Management Engine Components\IPT;C:\Program Files (x86)\Skype\Phone;C:\Program Files\Microsoft\Web Platform Installer;C:\Program Files (x86)\Windows Kits\8.1\Windows Performance Toolkit;C:\Program Files\Microsoft SQL Server\110\Tools\Binn;C:\Program Files (x86)\Microsoft SDKs\TypeScript\1.0;C:\Program Files\Microsoft SQL Server\120\Tools\Binn;C:\Users\Bovojon\.dnx\bin;C:\Program Files\Microsoft DNX\Dnvm;C:\Users\Bovojon\AppData\Roaming\nvm;C:\Program Files\nodejs;C:\Program Files\Git\cmd;C:\Program Files\nodejs;C:\Users\Bovojon\Anaconda;C:\Users\Bovojon\Anaconda\Scripts;C:\Users\Bovojon\AppData\Roaming\nvm;C:\Program Files\nodejs;C:\Users\Bovojon\.babun;C:\Program Files\Sublime Text 2;C:\Users\Bovojon\AppData\Local\atom\bin;C:\Users\Bovojon\AppData\Roaming\Dashlane\4.5.0.13208\bin\Firefox_Extension\{442718d9-475e-452a-b3e1-fb1ee16b8e9f}\components;C:\Users\Bovojon\AppData\Roaming\npm
14 verbose lifecycle Meganote@0.5.0~start: CWD: C:\Users\Bovojon\Desktop\projects\xtern\Meganote\meganote
15 silly lifecycle Meganote@0.5.0~start: Args: [ '/d /s /c', 'gulp' ]
16 silly lifecycle Meganote@0.5.0~start: Returned: code: 1  signal: null
17 info lifecycle Meganote@0.5.0~start: Failed to exec start script
18 verbose stack Error: Meganote@0.5.0 start: `gulp`
18 verbose stack Exit status 1
18 verbose stack     at EventEmitter.<anonymous> (C:\Users\Bovojon\AppData\Roaming\npm\node_modules\npm\lib\utils\lifecycle.js:242:16)
18 verbose stack     at emitTwo (events.js:106:13)
18 verbose stack     at EventEmitter.emit (events.js:191:7)
18 verbose stack     at ChildProcess.<anonymous> (C:\Users\Bovojon\AppData\Roaming\npm\node_modules\npm\lib\utils\spawn.js:40:14)
18 verbose stack     at emitTwo (events.js:106:13)
18 verbose stack     at ChildProcess.emit (events.js:191:7)
18 verbose stack     at maybeClose (internal/child_process.js:852:16)
18 verbose stack     at Process.ChildProcess._handle.onexit (internal/child_process.js:215:5)
19 verbose pkgid Meganote@0.5.0
20 verbose cwd C:\Users\Bovojon\Desktop\projects\xtern\Meganote\meganote
21 error Windows_NT 10.0.10240
22 error argv "C:\\Program Files\\nodejs\\node.exe" "C:\\Users\\Bovojon\\AppData\\Roaming\\npm\\node_modules\\npm\\bin\\npm-cli.js" "start"
23 error node v6.3.0
24 error npm  v3.10.5
25 error code ELIFECYCLE
26 error Meganote@0.5.0 start: `gulp`
26 error Exit status 1
27 error Failed at the Meganote@0.5.0 start script 'gulp'.
27 error Make sure you have the latest version of node.js and npm installed.
27 error If you do, this is most likely a problem with the Meganote package,
27 error not with npm itself.
27 error Tell the author that this fails on your system:
27 error     gulp
27 error You can get information on how to open an issue for this project with:
27 error     npm bugs Meganote
27 error Or if that isn't available, you can get their info via:
27 error     npm owner ls Meganote
27 error There is likely additional logging output above.
28 verbose exit [ 1, true ]
